<?xml version="1.0" encoding="UTF-8"?>
<!-- Generated by org.testng.reporters.JUnitReportReporter -->
<testsuite hostname="DESKTOP-TMMCH4R" failures="0" tests="1" name="testCases.TC003_VerifyLoginViaPhoneNumber" time="7.686" errors="0" timestamp="2025-09-20T13:47:39 IST" skipped="0">
  <testcase classname="testCases.TC003_VerifyLoginViaPhoneNumber" name="VerifyLoginViaPhoneNumber" time="7.686"/>
</testsuite> <!-- testCases.TC003_VerifyLoginViaPhoneNumber -->
