<?xml version="1.0" encoding="UTF-8"?>
<!-- Generated by org.testng.reporters.JUnitReportReporter -->
<testsuite hostname="DESKTOP-TMMCH4R" failures="0" tests="1" name="testCases.TC004_VerifyLoginViaEmail" time="7.505" errors="0" timestamp="2025-09-17T10:41:13 IST" skipped="0">
  <testcase classname="testCases.TC004_VerifyLoginViaEmail" name="VerifyLoginViaEmail" time="7.505"/>
</testsuite> <!-- testCases.TC004_VerifyLoginViaEmail -->
